Build started 2014/3/10 11:04:26.
     1>Project "F:\vpn\ace\ACE_wrappers\ace\ACE_vc11.vcxproj" on node 2 (Build target(s)).
     1>ClCompile:
         D:\Program Files\Microsoft Visual Studio 11.0\VC\bin\CL.exe /c /I.. /ZI /nologo /W3 /WX- /Od /Oy- /D ACE_BUILD_DLL /D _DEBUG /D WIN32 /D _WINDOWS /D _CRT_NONSTDC_NO_WARNINGS /D _CRT_SECURE_NO_WARNINGS /D _CRT_SECURE_NO_DEPRECATE /D _CRT_NONSTDC_NO_DEPRECATE /D "MPC_LIB_MODIFIER=\"d\"" /D _WINDLL /Gm- /EHsc /RTC1 /MDd /GS /fp:precise /Zc:wchar_t /Zc:forScope /GR /Fo"F:\vpn\ace\ACE_wrappers\ace\Win32\Debug\ACE\\" /Fd"F:\vpn\ace\ACE_wrappers\ace\Win32\Debug\ACE\vc110.pdb" /Gd /TP /wd4355 /analyze- /errorReport:prompt ACE.cpp ACE_crc32.cpp ACE_crc_ccitt.cpp ace_wchar.cpp Activation_Queue.cpp Active_Map_Manager.cpp Addr.cpp Argv_Type_Converter.cpp Assert.cpp Asynch_IO.cpp Asynch_IO_Impl.cpp Asynch_Pseudo_Task.cpp ATM_Acceptor.cpp ATM_Addr.cpp ATM_Connector.cpp ATM_Params.cpp ATM_QoS.cpp ATM_Stream.cpp Atomic_Op.cpp Barrier.cpp Base_Thread_Adapter.cpp Based_Pointer_Repository.cpp Basic_Stats.cpp Basic_Types.cpp Capabilities.cpp CDR_Base.cpp CDR_Size.cpp CDR_Stream.cpp Cleanup.cpp Codecs.cpp Codeset_IBM1047.cpp Codeset_Registry.cpp Codeset_Registry_db.cpp Condition_Attributes.cpp Condition_Recursive_Thread_Mutex.cpp Condition_Thread_Mutex.cpp Configuration.cpp Configuration_Import_Export.cpp Connection_Recycling_Strategy.cpp Containers.cpp Copy_Disabled.cpp Date_Time.cpp DEV.cpp DEV_Addr.cpp DEV_Connector.cpp DEV_IO.cpp Dev_Poll_Reactor.cpp Dirent.cpp Dirent_Selector.cpp DLL.cpp DLL_Manager.cpp Dump.cpp Dynamic.cpp Dynamic_Message_Strategy.cpp Dynamic_Service_Base.cpp Dynamic_Service_Dependency.cpp Encoding_Converter.cpp Encoding_Converter_Factory.cpp Event_Base.cpp Event_Handler.cpp Event_Handler_Handle_Timeout_Upcall.cpp FIFO.cpp FIFO_Recv.cpp FIFO_Recv_Msg.cpp FIFO_Send.cpp FIFO_Send_Msg.cpp FILE.cpp FILE_Addr.cpp FILE_Connector.cpp FILE_IO.cpp File_Lock.cpp Filecache.cpp Flag_Manip.cpp Framework_Component.cpp Functor.cpp Functor_String.cpp Get_Opt.cpp Handle_Ops.cpp Handle_Set.cpp Hashable.cpp High_Res_Timer.cpp ICMP_Socket.cpp INET_Addr.cpp Init_ACE.cpp IO_Cntl_Msg.cpp IO_SAP.cpp IOStream.cpp IPC_SAP.cpp Lib_Find.cpp Local_Memory_Pool.cpp Local_Name_Space.cpp Local_Tokens.cpp Lock.cpp Log_Category.cpp Log_Msg.cpp Log_Msg_Backend.cpp Log_Msg_Callback.cpp Log_Msg_IPC.cpp Log_Msg_NT_Event_Log.cpp Log_Msg_UNIX_Syslog.cpp Log_Record.cpp Logging_Strategy.cpp LSOCK.cpp LSOCK_Acceptor.cpp LSOCK_CODgram.cpp LSOCK_Connector.cpp LSOCK_Dgram.cpp LSOCK_Stream.cpp Malloc.cpp Malloc_Allocator.cpp MEM_Acceptor.cpp MEM_Addr.cpp MEM_Connector.cpp MEM_IO.cpp Mem_Map.cpp MEM_SAP.cpp MEM_Stream.cpp Message_Block.cpp Message_Queue.cpp Message_Queue_NT.cpp Message_Queue_Vx.cpp Method_Request.cpp MMAP_Memory_Pool.cpp Monitor_Admin.cpp Monitor_Admin_Manager.cpp Monitor_Base.cpp Monitor_Control_Action.cpp Monitor_Control_Types.cpp Monitor_Point_Registry.cpp Monitor_Size.cpp Monotonic_Time_Policy.cpp Msg_WFMO_Reactor.cpp Multihomed_INET_Addr.cpp Mutex.cpp Name_Proxy.cpp Name_Request_Reply.cpp Name_Space.cpp Naming_Context.cpp Netlink_Addr.cpp Notification_Queue.cpp Notification_Strategy.cpp NT_Service.cpp Obchunk.cpp Object_Manager.cpp Object_Manager_Base.cpp Obstack.cpp OS_Errno.cpp OS_Log_Msg_Attributes.cpp OS_main.cpp OS_NS_arpa_inet.cpp OS_NS_ctype.cpp OS_NS_dirent.cpp OS_NS_dlfcn.cpp OS_NS_errno.cpp OS_NS_fcntl.cpp OS_NS_math.cpp OS_NS_netdb.cpp OS_NS_poll.cpp OS_NS_pwd.cpp OS_NS_regex.cpp OS_NS_signal.cpp OS_NS_stdio.cpp OS_NS_stdlib.cpp OS_NS_string.cpp OS_NS_strings.cpp OS_NS_stropts.cpp OS_NS_sys_mman.cpp OS_NS_sys_msg.cpp OS_NS_sys_resource.cpp OS_NS_sys_select.cpp OS_NS_sys_sendfile.cpp OS_NS_sys_shm.cpp OS_NS_sys_socket.cpp OS_NS_sys_stat.cpp OS_NS_sys_time.cpp OS_NS_sys_uio.cpp OS_NS_sys_utsname.cpp OS_NS_sys_wait.cpp OS_NS_Thread.cpp OS_NS_time.cpp OS_NS_unistd.cpp OS_NS_wchar.cpp OS_NS_wctype.cpp OS_QoS.cpp OS_Thread_Adapter.cpp OS_TLI.cpp Pagefile_Memory_Pool.cpp Parse_Node.cpp PI_Malloc.cpp Ping_Socket.cpp Pipe.cpp POSIX_Asynch_IO.cpp POSIX_CB_Proactor.cpp POSIX_Proactor.cpp Priority_Reactor.cpp Proactor.cpp Proactor_Impl.cpp Process.cpp Process_Manager.cpp Process_Mutex.cpp Process_Semaphore.cpp Profile_Timer.cpp Reactor.cpp Reactor_Impl.cpp Reactor_Notification_Strategy.cpp Reactor_Timer_Interface.cpp Read_Buffer.cpp Recursive_Thread_Mutex.cpp Recyclable.cpp Registry.cpp Registry_Name_Space.cpp Remote_Name_Space.cpp Remote_Tokens.cpp RW_Mutex.cpp RW_Process_Mutex.cpp RW_Thread_Mutex.cpp Sample_History.cpp Sbrk_Memory_Pool.cpp Sched_Params.cpp Select_Reactor_Base.cpp Semaphore.cpp Service_Config.cpp Service_Gestalt.cpp Service_Manager.cpp Service_Object.cpp Service_Repository.cpp Service_Types.cpp Shared_Memory.cpp Shared_Memory_MM.cpp Shared_Memory_Pool.cpp Shared_Memory_SV.cpp Shared_Object.cpp Sig_Adapter.cpp Sig_Handler.cpp Signal.cpp SOCK.cpp SOCK_Acceptor.cpp SOCK_CODgram.cpp Sock_Connect.cpp SOCK_Connector.cpp SOCK_Dgram.cpp SOCK_Dgram_Bcast.cpp SOCK_Dgram_Mcast.cpp SOCK_IO.cpp SOCK_Netlink.cpp SOCK_SEQPACK_Acceptor.cpp SOCK_SEQPACK_Association.cpp SOCK_SEQPACK_Connector.cpp SOCK_Stream.cpp SPIPE.cpp SPIPE_Acceptor.cpp SPIPE_Addr.cpp SPIPE_Connector.cpp SPIPE_Stream.cpp SString.cpp Stack_Trace.cpp Stats.cpp String_Base_Const.cpp SUN_Proactor.cpp SV_Message.cpp SV_Message_Queue.cpp SV_Semaphore_Complex.cpp SV_Semaphore_Simple.cpp SV_Shared_Memory.cpp Svc_Conf_Lexer.cpp Svc_Conf_y.cpp Synch_Options.cpp System_Time.cpp Task.cpp Thread.cpp Thread_Adapter.cpp Thread_Control.cpp Thread_Exit.cpp Thread_Hook.cpp Thread_Manager.cpp Thread_Mutex.cpp Thread_Semaphore.cpp Throughput_Stats.cpp Time_Policy.cpp Time_Value.cpp Timeprobe.cpp TLI.cpp TLI_Acceptor.cpp TLI_Connector.cpp TLI_Stream.cpp Token.cpp Token_Collection.cpp Token_Invariants.cpp Token_Manager.cpp Token_Request_Reply.cpp TP_Reactor.cpp Trace.cpp TSS_Adapter.cpp TTY_IO.cpp UNIX_Addr.cpp UPIPE_Acceptor.cpp UPIPE_Connector.cpp UPIPE_Stream.cpp UTF16_Encoding_Converter.cpp UTF32_Encoding_Converter.cpp UTF8_Encoding_Converter.cpp UUID.cpp WFMO_Reactor.cpp WIN32_Asynch_IO.cpp WIN32_Proactor.cpp XML_Svc_Conf.cpp XTI_ATM_Mcast.cpp
         ACE.cpp
         ACE_crc32.cpp
         ACE_crc_ccitt.cpp
         ace_wchar.cpp
         Activation_Queue.cpp
         Active_Map_Manager.cpp
         Addr.cpp
         Argv_Type_Converter.cpp
         Assert.cpp
         Asynch_IO.cpp
         Asynch_IO_Impl.cpp
         Asynch_Pseudo_Task.cpp
         ATM_Acceptor.cpp
         ATM_Addr.cpp
         ATM_Connector.cpp
         ATM_Params.cpp
         ATM_QoS.cpp
         ATM_Stream.cpp
         Atomic_Op.cpp
         Barrier.cpp
         Generating Code...
         Compiling...
         Base_Thread_Adapter.cpp
         Based_Pointer_Repository.cpp
         Basic_Stats.cpp
         Basic_Types.cpp
         Capabilities.cpp
         CDR_Base.cpp
         CDR_Size.cpp
         CDR_Stream.cpp
         Cleanup.cpp
         Codecs.cpp
         Codeset_IBM1047.cpp
         Codeset_Registry.cpp
         Codeset_Registry_db.cpp
         Condition_Attributes.cpp
         Condition_Recursive_Thread_Mutex.cpp
         Condition_Thread_Mutex.cpp
         Configuration.cpp
         Configuration_Import_Export.cpp
         Connection_Recycling_Strategy.cpp
         Containers.cpp
         Generating Code...
         Compiling...
         Copy_Disabled.cpp
         Date_Time.cpp
         DEV.cpp
         DEV_Addr.cpp
         DEV_Connector.cpp
         DEV_IO.cpp
         Dev_Poll_Reactor.cpp
         Dirent.cpp
         Dirent_Selector.cpp
         DLL.cpp
         DLL_Manager.cpp
         Dump.cpp
         Dynamic.cpp
         Dynamic_Message_Strategy.cpp
         Dynamic_Service_Base.cpp
         Dynamic_Service_Dependency.cpp
         Encoding_Converter.cpp
         Encoding_Converter_Factory.cpp
         Event_Base.cpp
         Event_Handler.cpp
         Generating Code...
         Compiling...
         Event_Handler_Handle_Timeout_Upcall.cpp
         FIFO.cpp
         FIFO_Recv.cpp
         FIFO_Recv_Msg.cpp
         FIFO_Send.cpp
         FIFO_Send_Msg.cpp
         FILE.cpp
         FILE_Addr.cpp
         FILE_Connector.cpp
         FILE_IO.cpp
         File_Lock.cpp
         Filecache.cpp
         Flag_Manip.cpp
         Framework_Component.cpp
         Functor.cpp
         Functor_String.cpp
         Get_Opt.cpp
         Handle_Ops.cpp
         Handle_Set.cpp
         Hashable.cpp
         Generating Code...
         Compiling...
         High_Res_Timer.cpp
         ICMP_Socket.cpp
         INET_Addr.cpp
         Init_ACE.cpp
         IO_Cntl_Msg.cpp
         IO_SAP.cpp
         IOStream.cpp
         IPC_SAP.cpp
         Lib_Find.cpp
         Local_Memory_Pool.cpp
         Local_Name_Space.cpp
         Local_Tokens.cpp
         Lock.cpp
         Log_Category.cpp
         Log_Msg.cpp
         Log_Msg_Backend.cpp
         Log_Msg_Callback.cpp
         Log_Msg_IPC.cpp
         Log_Msg_NT_Event_Log.cpp
         Log_Msg_UNIX_Syslog.cpp
         Generating Code...
         Compiling...
         Log_Record.cpp
         Logging_Strategy.cpp
         LSOCK.cpp
         LSOCK_Acceptor.cpp
         LSOCK_CODgram.cpp
         LSOCK_Connector.cpp
         LSOCK_Dgram.cpp
         LSOCK_Stream.cpp
         Malloc.cpp
         Malloc_Allocator.cpp
         MEM_Acceptor.cpp
         MEM_Addr.cpp
         MEM_Connector.cpp
         MEM_IO.cpp
         Mem_Map.cpp
         MEM_SAP.cpp
         MEM_Stream.cpp
         Message_Block.cpp
         Message_Queue.cpp
         Message_Queue_NT.cpp
         Generating Code...
         Compiling...
         Message_Queue_Vx.cpp
         Method_Request.cpp
         MMAP_Memory_Pool.cpp
         Monitor_Admin.cpp
         Monitor_Admin_Manager.cpp
         Monitor_Base.cpp
         Monitor_Control_Action.cpp
         Monitor_Control_Types.cpp
         Monitor_Point_Registry.cpp
         Monitor_Size.cpp
         Monotonic_Time_Policy.cpp
         Msg_WFMO_Reactor.cpp
         Multihomed_INET_Addr.cpp
         Mutex.cpp
         Name_Proxy.cpp
         Name_Request_Reply.cpp
         Name_Space.cpp
         Naming_Context.cpp
         Netlink_Addr.cpp
         Notification_Queue.cpp
         Generating Code...
         Compiling...
         Notification_Strategy.cpp
         NT_Service.cpp
         Obchunk.cpp
         Object_Manager.cpp
         Object_Manager_Base.cpp
         Obstack.cpp
         OS_Errno.cpp
         OS_Log_Msg_Attributes.cpp
         OS_main.cpp
         OS_NS_arpa_inet.cpp
         OS_NS_ctype.cpp
         OS_NS_dirent.cpp
         OS_NS_dlfcn.cpp
         OS_NS_errno.cpp
         OS_NS_fcntl.cpp
         OS_NS_math.cpp
         OS_NS_netdb.cpp
         OS_NS_poll.cpp
         OS_NS_pwd.cpp
         OS_NS_regex.cpp
         Generating Code...
         Compiling...
         OS_NS_signal.cpp
         OS_NS_stdio.cpp
         OS_NS_stdlib.cpp
         OS_NS_string.cpp
         OS_NS_strings.cpp
         OS_NS_stropts.cpp
         OS_NS_sys_mman.cpp
         OS_NS_sys_msg.cpp
         OS_NS_sys_resource.cpp
         OS_NS_sys_select.cpp
         OS_NS_sys_sendfile.cpp
         OS_NS_sys_shm.cpp
         OS_NS_sys_socket.cpp
         OS_NS_sys_stat.cpp
         OS_NS_sys_time.cpp
         OS_NS_sys_uio.cpp
         OS_NS_sys_utsname.cpp
         OS_NS_sys_wait.cpp
         OS_NS_Thread.cpp
         OS_NS_time.cpp
         Generating Code...
         Compiling...
         OS_NS_unistd.cpp
         OS_NS_wchar.cpp
         OS_NS_wctype.cpp
         OS_QoS.cpp
         OS_Thread_Adapter.cpp
         OS_TLI.cpp
         Pagefile_Memory_Pool.cpp
         Parse_Node.cpp
         PI_Malloc.cpp
         Ping_Socket.cpp
         Pipe.cpp
         POSIX_Asynch_IO.cpp
         POSIX_CB_Proactor.cpp
         POSIX_Proactor.cpp
         Priority_Reactor.cpp
         Proactor.cpp
         Proactor_Impl.cpp
         Process.cpp
         Process_Manager.cpp
         Process_Mutex.cpp
         Generating Code...
         Compiling...
         Process_Semaphore.cpp
         Profile_Timer.cpp
         Reactor.cpp
         Reactor_Impl.cpp
         Reactor_Notification_Strategy.cpp
         Reactor_Timer_Interface.cpp
         Read_Buffer.cpp
         Recursive_Thread_Mutex.cpp
         Recyclable.cpp
         Registry.cpp
         Registry_Name_Space.cpp
         Remote_Name_Space.cpp
         Remote_Tokens.cpp
         RW_Mutex.cpp
         RW_Process_Mutex.cpp
         RW_Thread_Mutex.cpp
         Sample_History.cpp
         Sbrk_Memory_Pool.cpp
         Sched_Params.cpp
         Select_Reactor_Base.cpp
         Generating Code...
         Compiling...
         Semaphore.cpp
         Service_Config.cpp
         Service_Gestalt.cpp
         Service_Manager.cpp
         Service_Object.cpp
         Service_Repository.cpp
         Service_Types.cpp
         Shared_Memory.cpp
         Shared_Memory_MM.cpp
         Shared_Memory_Pool.cpp
         Shared_Memory_SV.cpp
         Shared_Object.cpp
         Sig_Adapter.cpp
         Sig_Handler.cpp
         Signal.cpp
         SOCK.cpp
         SOCK_Acceptor.cpp
         SOCK_CODgram.cpp
         Sock_Connect.cpp
         SOCK_Connector.cpp
         Generating Code...
         Compiling...
         SOCK_Dgram.cpp
         SOCK_Dgram_Bcast.cpp
         SOCK_Dgram_Mcast.cpp
         SOCK_IO.cpp
         SOCK_Netlink.cpp
         SOCK_SEQPACK_Acceptor.cpp
         SOCK_SEQPACK_Association.cpp
         SOCK_SEQPACK_Connector.cpp
         SOCK_Stream.cpp
         SPIPE.cpp
         SPIPE_Acceptor.cpp
         SPIPE_Addr.cpp
         SPIPE_Connector.cpp
         SPIPE_Stream.cpp
         SString.cpp
         Stack_Trace.cpp
         Stats.cpp
         String_Base_Const.cpp
         SUN_Proactor.cpp
         SV_Message.cpp
         Generating Code...
         Compiling...
         SV_Message_Queue.cpp
         SV_Semaphore_Complex.cpp
         SV_Semaphore_Simple.cpp
         SV_Shared_Memory.cpp
         Svc_Conf_Lexer.cpp
         Svc_Conf_y.cpp
         Synch_Options.cpp
         System_Time.cpp
         Task.cpp
         Thread.cpp
         Thread_Adapter.cpp
         Thread_Control.cpp
         Thread_Exit.cpp
         Thread_Hook.cpp
         Thread_Manager.cpp
         Thread_Mutex.cpp
         Thread_Semaphore.cpp
         Throughput_Stats.cpp
         Time_Policy.cpp
         Time_Value.cpp
         Generating Code...
         Compiling...
         Timeprobe.cpp
         TLI.cpp
         TLI_Acceptor.cpp
         TLI_Connector.cpp
         TLI_Stream.cpp
         Token.cpp
         Token_Collection.cpp
         Token_Invariants.cpp
         Token_Manager.cpp
         Token_Request_Reply.cpp
         TP_Reactor.cpp
         Trace.cpp
         TSS_Adapter.cpp
         TTY_IO.cpp
         UNIX_Addr.cpp
         UPIPE_Acceptor.cpp
         UPIPE_Connector.cpp
         UPIPE_Stream.cpp
         UTF16_Encoding_Converter.cpp
         UTF32_Encoding_Converter.cpp
         Generating Code...
         Compiling...
         UTF8_Encoding_Converter.cpp
         UUID.cpp
         WFMO_Reactor.cpp
         WIN32_Asynch_IO.cpp
         WIN32_Proactor.cpp
         XML_Svc_Conf.cpp
         XTI_ATM_Mcast.cpp
         Generating Code...
         D:\Program Files\Microsoft Visual Studio 11.0\VC\bin\CL.exe /c /I.. /ZI /nologo /W3 /WX- /Od /Oy- /D ACE_BUILD_DLL /D _DEBUG /D WIN32 /D _WINDOWS /D _CRT_NONSTDC_NO_WARNINGS /D _CRT_SECURE_NO_WARNINGS /D _CRT_SECURE_NO_DEPRECATE /D _CRT_NONSTDC_NO_DEPRECATE /D "MPC_LIB_MODIFIER=\"d\"" /D _WINDLL /Gm- /EHsc /RTC1 /MDd /GS /fp:precise /Zc:wchar_t /Zc:forScope /GR /Fo"F:\vpn\ace\ACE_wrappers\ace\Win32\Debug\ACE\\" /Fd"F:\vpn\ace\ACE_wrappers\ace\Win32\Debug\ACE\vc110.pdb" /Gd /TC /wd4355 /analyze- /errorReport:prompt Atomic_Op_Sparc.c Rtems_init.c
         Atomic_Op_Sparc.c
         Rtems_init.c
         Generating Code...
       ResourceCompile:
         C:\Program Files\Windows Kits\8.0\bin\x86\rc.exe /D _DEBUG /D _CRT_SECURE_NO_WARNINGS /D _CRT_SECURE_NO_DEPRECATE /D _CRT_NONSTDC_NO_DEPRECATE /l"1033" /I.. /nologo /fo"F:\vpn\ace\ACE_wrappers\ace\Win32\Debug\ACE\ace.res" ace.rc 
       Link:
         D:\Program Files\Microsoft Visual Studio 11.0\VC\bin\link.exe /ERRORREPORT:PROMPT /OUT:"F:\vpn\ace\ACE_wrappers\ace\Win32\Debug\ACEd.dll" /INCREMENTAL /NOLOGO /LIBPATH:. /LIBPATH:..\lib iphlpapi.lib kernel32.lib user32.lib gdi32.lib winspool.lib comdlg32.lib advapi32.lib shell32.lib ole32.lib oleaut32.lib uuid.lib odbc32.lib odbccp32.lib /MANIFEST /MANIFESTUAC:"level='asInvoker' uiAccess='false'" /manifest:embed /DEBUG /PDB:"F:\vpn\ace\ACE_wrappers\ace\Win32\Debug\ACEd.pdb" /TLBID:1 /DYNAMICBASE /NXCOMPAT /IMPLIB:"F:\vpn\ace\ACE_wrappers\ace\Win32\Debug\ACEd.lib" /MACHINE:X86 /DLL F:\vpn\ace\ACE_wrappers\ace\Win32\Debug\ACE\ace.res
         F:\vpn\ace\ACE_wrappers\ace\Win32\Debug\ACE\ACE.obj
         F:\vpn\ace\ACE_wrappers\ace\Win32\Debug\ACE\ACE_crc32.obj
         F:\vpn\ace\ACE_wrappers\ace\Win32\Debug\ACE\ACE_crc_ccitt.obj
         F:\vpn\ace\ACE_wrappers\ace\Win32\Debug\ACE\ace_wchar.obj
         F:\vpn\ace\ACE_wrappers\ace\Win32\Debug\ACE\Activation_Queue.obj
         F:\vpn\ace\ACE_wrappers\ace\Win32\Debug\ACE\Active_Map_Manager.obj
         F:\vpn\ace\ACE_wrappers\ace\Win32\Debug\ACE\Addr.obj
         F:\vpn\ace\ACE_wrappers\ace\Win32\Debug\ACE\Argv_Type_Converter.obj
         F:\vpn\ace\ACE_wrappers\ace\Win32\Debug\ACE\Assert.obj
         F:\vpn\ace\ACE_wrappers\ace\Win32\Debug\ACE\Asynch_IO.obj
         F:\vpn\ace\ACE_wrappers\ace\Win32\Debug\ACE\Asynch_IO_Impl.obj
         F:\vpn\ace\ACE_wrappers\ace\Win32\Debug\ACE\Asynch_Pseudo_Task.obj
         F:\vpn\ace\ACE_wrappers\ace\Win32\Debug\ACE\ATM_Acceptor.obj
         F:\vpn\ace\ACE_wrappers\ace\Win32\Debug\ACE\ATM_Addr.obj
         F:\vpn\ace\ACE_wrappers\ace\Win32\Debug\ACE\ATM_Connector.obj
         F:\vpn\ace\ACE_wrappers\ace\Win32\Debug\ACE\ATM_Params.obj
         F:\vpn\ace\ACE_wrappers\ace\Win32\Debug\ACE\ATM_QoS.obj
         F:\vpn\ace\ACE_wrappers\ace\Win32\Debug\ACE\ATM_Stream.obj
         F:\vpn\ace\ACE_wrappers\ace\Win32\Debug\ACE\Atomic_Op.obj
         F:\vpn\ace\ACE_wrappers\ace\Win32\Debug\ACE\Atomic_Op_Sparc.obj
         F:\vpn\ace\ACE_wrappers\ace\Win32\Debug\ACE\Barrier.obj
         F:\vpn\ace\ACE_wrappers\ace\Win32\Debug\ACE\Base_Thread_Adapter.obj
         F:\vpn\ace\ACE_wrappers\ace\Win32\Debug\ACE\Based_Pointer_Repository.obj
         F:\vpn\ace\ACE_wrappers\ace\Win32\Debug\ACE\Basic_Stats.obj
         F:\vpn\ace\ACE_wrappers\ace\Win32\Debug\ACE\Basic_Types.obj
         F:\vpn\ace\ACE_wrappers\ace\Win32\Debug\ACE\Capabilities.obj
         F:\vpn\ace\ACE_wrappers\ace\Win32\Debug\ACE\CDR_Base.obj
         F:\vpn\ace\ACE_wrappers\ace\Win32\Debug\ACE\CDR_Size.obj
         F:\vpn\ace\ACE_wrappers\ace\Win32\Debug\ACE\CDR_Stream.obj
         F:\vpn\ace\ACE_wrappers\ace\Win32\Debug\ACE\Cleanup.obj
         F:\vpn\ace\ACE_wrappers\ace\Win32\Debug\ACE\Codecs.obj
         F:\vpn\ace\ACE_wrappers\ace\Win32\Debug\ACE\Codeset_IBM1047.obj
         F:\vpn\ace\ACE_wrappers\ace\Win32\Debug\ACE\Codeset_Registry.obj
         F:\vpn\ace\ACE_wrappers\ace\Win32\Debug\ACE\Codeset_Registry_db.obj
         F:\vpn\ace\ACE_wrappers\ace\Win32\Debug\ACE\Condition_Attributes.obj
         F:\vpn\ace\ACE_wrappers\ace\Win32\Debug\ACE\Condition_Recursive_Thread_Mutex.obj
         F:\vpn\ace\ACE_wrappers\ace\Win32\Debug\ACE\Condition_Thread_Mutex.obj
         F:\vpn\ace\ACE_wrappers\ace\Win32\Debug\ACE\Configuration.obj
         F:\vpn\ace\ACE_wrappers\ace\Win32\Debug\ACE\Configuration_Import_Export.obj
         F:\vpn\ace\ACE_wrappers\ace\Win32\Debug\ACE\Connection_Recycling_Strategy.obj
         F:\vpn\ace\ACE_wrappers\ace\Win32\Debug\ACE\Containers.obj
         F:\vpn\ace\ACE_wrappers\ace\Win32\Debug\ACE\Copy_Disabled.obj
         F:\vpn\ace\ACE_wrappers\ace\Win32\Debug\ACE\Date_Time.obj
         F:\vpn\ace\ACE_wrappers\ace\Win32\Debug\ACE\DEV.obj
         F:\vpn\ace\ACE_wrappers\ace\Win32\Debug\ACE\DEV_Addr.obj
         F:\vpn\ace\ACE_wrappers\ace\Win32\Debug\ACE\DEV_Connector.obj
         F:\vpn\ace\ACE_wrappers\ace\Win32\Debug\ACE\DEV_IO.obj
         F:\vpn\ace\ACE_wrappers\ace\Win32\Debug\ACE\Dev_Poll_Reactor.obj
         F:\vpn\ace\ACE_wrappers\ace\Win32\Debug\ACE\Dirent.obj
         F:\vpn\ace\ACE_wrappers\ace\Win32\Debug\ACE\Dirent_Selector.obj
         F:\vpn\ace\ACE_wrappers\ace\Win32\Debug\ACE\DLL.obj
         F:\vpn\ace\ACE_wrappers\ace\Win32\Debug\ACE\DLL_Manager.obj
         F:\vpn\ace\ACE_wrappers\ace\Win32\Debug\ACE\Dump.obj
         F:\vpn\ace\ACE_wrappers\ace\Win32\Debug\ACE\Dynamic.obj
         F:\vpn\ace\ACE_wrappers\ace\Win32\Debug\ACE\Dynamic_Message_Strategy.obj
         F:\vpn\ace\ACE_wrappers\ace\Win32\Debug\ACE\Dynamic_Service_Base.obj
         F:\vpn\ace\ACE_wrappers\ace\Win32\Debug\ACE\Dynamic_Service_Dependency.obj
         F:\vpn\ace\ACE_wrappers\ace\Win32\Debug\ACE\Encoding_Converter.obj
         F:\vpn\ace\ACE_wrappers\ace\Win32\Debug\ACE\Encoding_Converter_Factory.obj
         F:\vpn\ace\ACE_wrappers\ace\Win32\Debug\ACE\Event_Base.obj
         F:\vpn\ace\ACE_wrappers\ace\Win32\Debug\ACE\Event_Handler.obj
         F:\vpn\ace\ACE_wrappers\ace\Win32\Debug\ACE\Event_Handler_Handle_Timeout_Upcall.obj
         F:\vpn\ace\ACE_wrappers\ace\Win32\Debug\ACE\FIFO.obj
         F:\vpn\ace\ACE_wrappers\ace\Win32\Debug\ACE\FIFO_Recv.obj
         F:\vpn\ace\ACE_wrappers\ace\Win32\Debug\ACE\FIFO_Recv_Msg.obj
         F:\vpn\ace\ACE_wrappers\ace\Win32\Debug\ACE\FIFO_Send.obj
         F:\vpn\ace\ACE_wrappers\ace\Win32\Debug\ACE\FIFO_Send_Msg.obj
         F:\vpn\ace\ACE_wrappers\ace\Win32\Debug\ACE\FILE.obj
         F:\vpn\ace\ACE_wrappers\ace\Win32\Debug\ACE\FILE_Addr.obj
         F:\vpn\ace\ACE_wrappers\ace\Win32\Debug\ACE\FILE_Connector.obj
         F:\vpn\ace\ACE_wrappers\ace\Win32\Debug\ACE\FILE_IO.obj
         F:\vpn\ace\ACE_wrappers\ace\Win32\Debug\ACE\File_Lock.obj
         F:\vpn\ace\ACE_wrappers\ace\Win32\Debug\ACE\Filecache.obj
         F:\vpn\ace\ACE_wrappers\ace\Win32\Debug\ACE\Flag_Manip.obj
         F:\vpn\ace\ACE_wrappers\ace\Win32\Debug\ACE\Framework_Component.obj
         F:\vpn\ace\ACE_wrappers\ace\Win32\Debug\ACE\Functor.obj
         F:\vpn\ace\ACE_wrappers\ace\Win32\Debug\ACE\Functor_String.obj
         F:\vpn\ace\ACE_wrappers\ace\Win32\Debug\ACE\Get_Opt.obj
         F:\vpn\ace\ACE_wrappers\ace\Win32\Debug\ACE\Handle_Ops.obj
         F:\vpn\ace\ACE_wrappers\ace\Win32\Debug\ACE\Handle_Set.obj
         F:\vpn\ace\ACE_wrappers\ace\Win32\Debug\ACE\Hashable.obj
         F:\vpn\ace\ACE_wrappers\ace\Win32\Debug\ACE\High_Res_Timer.obj
         F:\vpn\ace\ACE_wrappers\ace\Win32\Debug\ACE\ICMP_Socket.obj
         F:\vpn\ace\ACE_wrappers\ace\Win32\Debug\ACE\INET_Addr.obj
         F:\vpn\ace\ACE_wrappers\ace\Win32\Debug\ACE\Init_ACE.obj
         F:\vpn\ace\ACE_wrappers\ace\Win32\Debug\ACE\IO_Cntl_Msg.obj
         F:\vpn\ace\ACE_wrappers\ace\Win32\Debug\ACE\IO_SAP.obj
         F:\vpn\ace\ACE_wrappers\ace\Win32\Debug\ACE\IOStream.obj
         F:\vpn\ace\ACE_wrappers\ace\Win32\Debug\ACE\IPC_SAP.obj
         F:\vpn\ace\ACE_wrappers\ace\Win32\Debug\ACE\Lib_Find.obj
         F:\vpn\ace\ACE_wrappers\ace\Win32\Debug\ACE\Local_Memory_Pool.obj
         F:\vpn\ace\ACE_wrappers\ace\Win32\Debug\ACE\Local_Name_Space.obj
         F:\vpn\ace\ACE_wrappers\ace\Win32\Debug\ACE\Local_Tokens.obj
         F:\vpn\ace\ACE_wrappers\ace\Win32\Debug\ACE\Lock.obj
         F:\vpn\ace\ACE_wrappers\ace\Win32\Debug\ACE\Log_Category.obj
         F:\vpn\ace\ACE_wrappers\ace\Win32\Debug\ACE\Log_Msg.obj
         F:\vpn\ace\ACE_wrappers\ace\Win32\Debug\ACE\Log_Msg_Backend.obj
         F:\vpn\ace\ACE_wrappers\ace\Win32\Debug\ACE\Log_Msg_Callback.obj
         F:\vpn\ace\ACE_wrappers\ace\Win32\Debug\ACE\Log_Msg_IPC.obj
         F:\vpn\ace\ACE_wrappers\ace\Win32\Debug\ACE\Log_Msg_NT_Event_Log.obj
         F:\vpn\ace\ACE_wrappers\ace\Win32\Debug\ACE\Log_Msg_UNIX_Syslog.obj
         F:\vpn\ace\ACE_wrappers\ace\Win32\Debug\ACE\Log_Record.obj
         F:\vpn\ace\ACE_wrappers\ace\Win32\Debug\ACE\Logging_Strategy.obj
         F:\vpn\ace\ACE_wrappers\ace\Win32\Debug\ACE\LSOCK.obj
         F:\vpn\ace\ACE_wrappers\ace\Win32\Debug\ACE\LSOCK_Acceptor.obj
         F:\vpn\ace\ACE_wrappers\ace\Win32\Debug\ACE\LSOCK_CODgram.obj
         F:\vpn\ace\ACE_wrappers\ace\Win32\Debug\ACE\LSOCK_Connector.obj
         F:\vpn\ace\ACE_wrappers\ace\Win32\Debug\ACE\LSOCK_Dgram.obj
         F:\vpn\ace\ACE_wrappers\ace\Win32\Debug\ACE\LSOCK_Stream.obj
         F:\vpn\ace\ACE_wrappers\ace\Win32\Debug\ACE\Malloc.obj
         F:\vpn\ace\ACE_wrappers\ace\Win32\Debug\ACE\Malloc_Allocator.obj
         F:\vpn\ace\ACE_wrappers\ace\Win32\Debug\ACE\MEM_Acceptor.obj
         F:\vpn\ace\ACE_wrappers\ace\Win32\Debug\ACE\MEM_Addr.obj
         F:\vpn\ace\ACE_wrappers\ace\Win32\Debug\ACE\MEM_Connector.obj
         F:\vpn\ace\ACE_wrappers\ace\Win32\Debug\ACE\MEM_IO.obj
         F:\vpn\ace\ACE_wrappers\ace\Win32\Debug\ACE\Mem_Map.obj
         F:\vpn\ace\ACE_wrappers\ace\Win32\Debug\ACE\MEM_SAP.obj
         F:\vpn\ace\ACE_wrappers\ace\Win32\Debug\ACE\MEM_Stream.obj
         F:\vpn\ace\ACE_wrappers\ace\Win32\Debug\ACE\Message_Block.obj
         F:\vpn\ace\ACE_wrappers\ace\Win32\Debug\ACE\Message_Queue.obj
         F:\vpn\ace\ACE_wrappers\ace\Win32\Debug\ACE\Message_Queue_NT.obj
         F:\vpn\ace\ACE_wrappers\ace\Win32\Debug\ACE\Message_Queue_Vx.obj
         F:\vpn\ace\ACE_wrappers\ace\Win32\Debug\ACE\Method_Request.obj
         F:\vpn\ace\ACE_wrappers\ace\Win32\Debug\ACE\MMAP_Memory_Pool.obj
         F:\vpn\ace\ACE_wrappers\ace\Win32\Debug\ACE\Monitor_Admin.obj
         F:\vpn\ace\ACE_wrappers\ace\Win32\Debug\ACE\Monitor_Admin_Manager.obj
         F:\vpn\ace\ACE_wrappers\ace\Win32\Debug\ACE\Monitor_Base.obj
         F:\vpn\ace\ACE_wrappers\ace\Win32\Debug\ACE\Monitor_Control_Action.obj
         F:\vpn\ace\ACE_wrappers\ace\Win32\Debug\ACE\Monitor_Control_Types.obj
         F:\vpn\ace\ACE_wrappers\ace\Win32\Debug\ACE\Monitor_Point_Registry.obj
         F:\vpn\ace\ACE_wrappers\ace\Win32\Debug\ACE\Monitor_Size.obj
         F:\vpn\ace\ACE_wrappers\ace\Win32\Debug\ACE\Monotonic_Time_Policy.obj
         F:\vpn\ace\ACE_wrappers\ace\Win32\Debug\ACE\Msg_WFMO_Reactor.obj
         F:\vpn\ace\ACE_wrappers\ace\Win32\Debug\ACE\Multihomed_INET_Addr.obj
         F:\vpn\ace\ACE_wrappers\ace\Win32\Debug\ACE\Mutex.obj
         F:\vpn\ace\ACE_wrappers\ace\Win32\Debug\ACE\Name_Proxy.obj
         F:\vpn\ace\ACE_wrappers\ace\Win32\Debug\ACE\Name_Request_Reply.obj
         F:\vpn\ace\ACE_wrappers\ace\Win32\Debug\ACE\Name_Space.obj
         F:\vpn\ace\ACE_wrappers\ace\Win32\Debug\ACE\Naming_Context.obj
         F:\vpn\ace\ACE_wrappers\ace\Win32\Debug\ACE\Netlink_Addr.obj
         F:\vpn\ace\ACE_wrappers\ace\Win32\Debug\ACE\Notification_Queue.obj
         F:\vpn\ace\ACE_wrappers\ace\Win32\Debug\ACE\Notification_Strategy.obj
         F:\vpn\ace\ACE_wrappers\ace\Win32\Debug\ACE\NT_Service.obj
         F:\vpn\ace\ACE_wrappers\ace\Win32\Debug\ACE\Obchunk.obj
         F:\vpn\ace\ACE_wrappers\ace\Win32\Debug\ACE\Object_Manager.obj
         F:\vpn\ace\ACE_wrappers\ace\Win32\Debug\ACE\Object_Manager_Base.obj
         F:\vpn\ace\ACE_wrappers\ace\Win32\Debug\ACE\Obstack.obj
         F:\vpn\ace\ACE_wrappers\ace\Win32\Debug\ACE\OS_Errno.obj
         F:\vpn\ace\ACE_wrappers\ace\Win32\Debug\ACE\OS_Log_Msg_Attributes.obj
         F:\vpn\ace\ACE_wrappers\ace\Win32\Debug\ACE\OS_main.obj
         F:\vpn\ace\ACE_wrappers\ace\Win32\Debug\ACE\OS_NS_arpa_inet.obj
         F:\vpn\ace\ACE_wrappers\ace\Win32\Debug\ACE\OS_NS_ctype.obj
         F:\vpn\ace\ACE_wrappers\ace\Win32\Debug\ACE\OS_NS_dirent.obj
         F:\vpn\ace\ACE_wrappers\ace\Win32\Debug\ACE\OS_NS_dlfcn.obj
         F:\vpn\ace\ACE_wrappers\ace\Win32\Debug\ACE\OS_NS_errno.obj
         F:\vpn\ace\ACE_wrappers\ace\Win32\Debug\ACE\OS_NS_fcntl.obj
         F:\vpn\ace\ACE_wrappers\ace\Win32\Debug\ACE\OS_NS_math.obj
         F:\vpn\ace\ACE_wrappers\ace\Win32\Debug\ACE\OS_NS_netdb.obj
         F:\vpn\ace\ACE_wrappers\ace\Win32\Debug\ACE\OS_NS_poll.obj
         F:\vpn\ace\ACE_wrappers\ace\Win32\Debug\ACE\OS_NS_pwd.obj
         F:\vpn\ace\ACE_wrappers\ace\Win32\Debug\ACE\OS_NS_regex.obj
         F:\vpn\ace\ACE_wrappers\ace\Win32\Debug\ACE\OS_NS_signal.obj
         F:\vpn\ace\ACE_wrappers\ace\Win32\Debug\ACE\OS_NS_stdio.obj
         F:\vpn\ace\ACE_wrappers\ace\Win32\Debug\ACE\OS_NS_stdlib.obj
         F:\vpn\ace\ACE_wrappers\ace\Win32\Debug\ACE\OS_NS_string.obj
         F:\vpn\ace\ACE_wrappers\ace\Win32\Debug\ACE\OS_NS_strings.obj
         F:\vpn\ace\ACE_wrappers\ace\Win32\Debug\ACE\OS_NS_stropts.obj
         F:\vpn\ace\ACE_wrappers\ace\Win32\Debug\ACE\OS_NS_sys_mman.obj
         F:\vpn\ace\ACE_wrappers\ace\Win32\Debug\ACE\OS_NS_sys_msg.obj
         F:\vpn\ace\ACE_wrappers\ace\Win32\Debug\ACE\OS_NS_sys_resource.obj
         F:\vpn\ace\ACE_wrappers\ace\Win32\Debug\ACE\OS_NS_sys_select.obj
         F:\vpn\ace\ACE_wrappers\ace\Win32\Debug\ACE\OS_NS_sys_sendfile.obj
         F:\vpn\ace\ACE_wrappers\ace\Win32\Debug\ACE\OS_NS_sys_shm.obj
         F:\vpn\ace\ACE_wrappers\ace\Win32\Debug\ACE\OS_NS_sys_socket.obj
         F:\vpn\ace\ACE_wrappers\ace\Win32\Debug\ACE\OS_NS_sys_stat.obj
         F:\vpn\ace\ACE_wrappers\ace\Win32\Debug\ACE\OS_NS_sys_time.obj
         F:\vpn\ace\ACE_wrappers\ace\Win32\Debug\ACE\OS_NS_sys_uio.obj
         F:\vpn\ace\ACE_wrappers\ace\Win32\Debug\ACE\OS_NS_sys_utsname.obj
         F:\vpn\ace\ACE_wrappers\ace\Win32\Debug\ACE\OS_NS_sys_wait.obj
         F:\vpn\ace\ACE_wrappers\ace\Win32\Debug\ACE\OS_NS_Thread.obj
         F:\vpn\ace\ACE_wrappers\ace\Win32\Debug\ACE\OS_NS_time.obj
         F:\vpn\ace\ACE_wrappers\ace\Win32\Debug\ACE\OS_NS_unistd.obj
         F:\vpn\ace\ACE_wrappers\ace\Win32\Debug\ACE\OS_NS_wchar.obj
         F:\vpn\ace\ACE_wrappers\ace\Win32\Debug\ACE\OS_NS_wctype.obj
         F:\vpn\ace\ACE_wrappers\ace\Win32\Debug\ACE\OS_QoS.obj
         F:\vpn\ace\ACE_wrappers\ace\Win32\Debug\ACE\OS_Thread_Adapter.obj
         F:\vpn\ace\ACE_wrappers\ace\Win32\Debug\ACE\OS_TLI.obj
         F:\vpn\ace\ACE_wrappers\ace\Win32\Debug\ACE\Pagefile_Memory_Pool.obj
         F:\vpn\ace\ACE_wrappers\ace\Win32\Debug\ACE\Parse_Node.obj
         F:\vpn\ace\ACE_wrappers\ace\Win32\Debug\ACE\PI_Malloc.obj
         F:\vpn\ace\ACE_wrappers\ace\Win32\Debug\ACE\Ping_Socket.obj
         F:\vpn\ace\ACE_wrappers\ace\Win32\Debug\ACE\Pipe.obj
         F:\vpn\ace\ACE_wrappers\ace\Win32\Debug\ACE\POSIX_Asynch_IO.obj
         F:\vpn\ace\ACE_wrappers\ace\Win32\Debug\ACE\POSIX_CB_Proactor.obj
         F:\vpn\ace\ACE_wrappers\ace\Win32\Debug\ACE\POSIX_Proactor.obj
         F:\vpn\ace\ACE_wrappers\ace\Win32\Debug\ACE\Priority_Reactor.obj
         F:\vpn\ace\ACE_wrappers\ace\Win32\Debug\ACE\Proactor.obj
         F:\vpn\ace\ACE_wrappers\ace\Win32\Debug\ACE\Proactor_Impl.obj
         F:\vpn\ace\ACE_wrappers\ace\Win32\Debug\ACE\Process.obj
         F:\vpn\ace\ACE_wrappers\ace\Win32\Debug\ACE\Process_Manager.obj
         F:\vpn\ace\ACE_wrappers\ace\Win32\Debug\ACE\Process_Mutex.obj
         F:\vpn\ace\ACE_wrappers\ace\Win32\Debug\ACE\Process_Semaphore.obj
         F:\vpn\ace\ACE_wrappers\ace\Win32\Debug\ACE\Profile_Timer.obj
         F:\vpn\ace\ACE_wrappers\ace\Win32\Debug\ACE\Reactor.obj
         F:\vpn\ace\ACE_wrappers\ace\Win32\Debug\ACE\Reactor_Impl.obj
         F:\vpn\ace\ACE_wrappers\ace\Win32\Debug\ACE\Reactor_Notification_Strategy.obj
         F:\vpn\ace\ACE_wrappers\ace\Win32\Debug\ACE\Reactor_Timer_Interface.obj
         F:\vpn\ace\ACE_wrappers\ace\Win32\Debug\ACE\Read_Buffer.obj
         F:\vpn\ace\ACE_wrappers\ace\Win32\Debug\ACE\Recursive_Thread_Mutex.obj
         F:\vpn\ace\ACE_wrappers\ace\Win32\Debug\ACE\Recyclable.obj
         F:\vpn\ace\ACE_wrappers\ace\Win32\Debug\ACE\Registry.obj
         F:\vpn\ace\ACE_wrappers\ace\Win32\Debug\ACE\Registry_Name_Space.obj
         F:\vpn\ace\ACE_wrappers\ace\Win32\Debug\ACE\Remote_Name_Space.obj
         F:\vpn\ace\ACE_wrappers\ace\Win32\Debug\ACE\Remote_Tokens.obj
         F:\vpn\ace\ACE_wrappers\ace\Win32\Debug\ACE\Rtems_init.obj
         F:\vpn\ace\ACE_wrappers\ace\Win32\Debug\ACE\RW_Mutex.obj
         F:\vpn\ace\ACE_wrappers\ace\Win32\Debug\ACE\RW_Process_Mutex.obj
         F:\vpn\ace\ACE_wrappers\ace\Win32\Debug\ACE\RW_Thread_Mutex.obj
         F:\vpn\ace\ACE_wrappers\ace\Win32\Debug\ACE\Sample_History.obj
         F:\vpn\ace\ACE_wrappers\ace\Win32\Debug\ACE\Sbrk_Memory_Pool.obj
         F:\vpn\ace\ACE_wrappers\ace\Win32\Debug\ACE\Sched_Params.obj
         F:\vpn\ace\ACE_wrappers\ace\Win32\Debug\ACE\Select_Reactor_Base.obj
         F:\vpn\ace\ACE_wrappers\ace\Win32\Debug\ACE\Semaphore.obj
         F:\vpn\ace\ACE_wrappers\ace\Win32\Debug\ACE\Service_Config.obj
         F:\vpn\ace\ACE_wrappers\ace\Win32\Debug\ACE\Service_Gestalt.obj
         F:\vpn\ace\ACE_wrappers\ace\Win32\Debug\ACE\Service_Manager.obj
         F:\vpn\ace\ACE_wrappers\ace\Win32\Debug\ACE\Service_Object.obj
         F:\vpn\ace\ACE_wrappers\ace\Win32\Debug\ACE\Service_Repository.obj
         F:\vpn\ace\ACE_wrappers\ace\Win32\Debug\ACE\Service_Types.obj
         F:\vpn\ace\ACE_wrappers\ace\Win32\Debug\ACE\Shared_Memory.obj
         F:\vpn\ace\ACE_wrappers\ace\Win32\Debug\ACE\Shared_Memory_MM.obj
         F:\vpn\ace\ACE_wrappers\ace\Win32\Debug\ACE\Shared_Memory_Pool.obj
         F:\vpn\ace\ACE_wrappers\ace\Win32\Debug\ACE\Shared_Memory_SV.obj
         F:\vpn\ace\ACE_wrappers\ace\Win32\Debug\ACE\Shared_Object.obj
         F:\vpn\ace\ACE_wrappers\ace\Win32\Debug\ACE\Sig_Adapter.obj
         F:\vpn\ace\ACE_wrappers\ace\Win32\Debug\ACE\Sig_Handler.obj
         F:\vpn\ace\ACE_wrappers\ace\Win32\Debug\ACE\Signal.obj
         F:\vpn\ace\ACE_wrappers\ace\Win32\Debug\ACE\SOCK.obj
         F:\vpn\ace\ACE_wrappers\ace\Win32\Debug\ACE\SOCK_Acceptor.obj
         F:\vpn\ace\ACE_wrappers\ace\Win32\Debug\ACE\SOCK_CODgram.obj
         F:\vpn\ace\ACE_wrappers\ace\Win32\Debug\ACE\Sock_Connect.obj
         F:\vpn\ace\ACE_wrappers\ace\Win32\Debug\ACE\SOCK_Connector.obj
         F:\vpn\ace\ACE_wrappers\ace\Win32\Debug\ACE\SOCK_Dgram.obj
         F:\vpn\ace\ACE_wrappers\ace\Win32\Debug\ACE\SOCK_Dgram_Bcast.obj
         F:\vpn\ace\ACE_wrappers\ace\Win32\Debug\ACE\SOCK_Dgram_Mcast.obj
         F:\vpn\ace\ACE_wrappers\ace\Win32\Debug\ACE\SOCK_IO.obj
         F:\vpn\ace\ACE_wrappers\ace\Win32\Debug\ACE\SOCK_Netlink.obj
         F:\vpn\ace\ACE_wrappers\ace\Win32\Debug\ACE\SOCK_SEQPACK_Acceptor.obj
         F:\vpn\ace\ACE_wrappers\ace\Win32\Debug\ACE\SOCK_SEQPACK_Association.obj
         F:\vpn\ace\ACE_wrappers\ace\Win32\Debug\ACE\SOCK_SEQPACK_Connector.obj
         F:\vpn\ace\ACE_wrappers\ace\Win32\Debug\ACE\SOCK_Stream.obj
         F:\vpn\ace\ACE_wrappers\ace\Win32\Debug\ACE\SPIPE.obj
         F:\vpn\ace\ACE_wrappers\ace\Win32\Debug\ACE\SPIPE_Acceptor.obj
         F:\vpn\ace\ACE_wrappers\ace\Win32\Debug\ACE\SPIPE_Addr.obj
         F:\vpn\ace\ACE_wrappers\ace\Win32\Debug\ACE\SPIPE_Connector.obj
         F:\vpn\ace\ACE_wrappers\ace\Win32\Debug\ACE\SPIPE_Stream.obj
         F:\vpn\ace\ACE_wrappers\ace\Win32\Debug\ACE\SString.obj
         F:\vpn\ace\ACE_wrappers\ace\Win32\Debug\ACE\Stack_Trace.obj
         F:\vpn\ace\ACE_wrappers\ace\Win32\Debug\ACE\Stats.obj
         F:\vpn\ace\ACE_wrappers\ace\Win32\Debug\ACE\String_Base_Const.obj
         F:\vpn\ace\ACE_wrappers\ace\Win32\Debug\ACE\SUN_Proactor.obj
         F:\vpn\ace\ACE_wrappers\ace\Win32\Debug\ACE\SV_Message.obj
         F:\vpn\ace\ACE_wrappers\ace\Win32\Debug\ACE\SV_Message_Queue.obj
         F:\vpn\ace\ACE_wrappers\ace\Win32\Debug\ACE\SV_Semaphore_Complex.obj
         F:\vpn\ace\ACE_wrappers\ace\Win32\Debug\ACE\SV_Semaphore_Simple.obj
         F:\vpn\ace\ACE_wrappers\ace\Win32\Debug\ACE\SV_Shared_Memory.obj
         F:\vpn\ace\ACE_wrappers\ace\Win32\Debug\ACE\Svc_Conf_Lexer.obj
         F:\vpn\ace\ACE_wrappers\ace\Win32\Debug\ACE\Svc_Conf_y.obj
         F:\vpn\ace\ACE_wrappers\ace\Win32\Debug\ACE\Synch_Options.obj
         F:\vpn\ace\ACE_wrappers\ace\Win32\Debug\ACE\System_Time.obj
         F:\vpn\ace\ACE_wrappers\ace\Win32\Debug\ACE\Task.obj
         F:\vpn\ace\ACE_wrappers\ace\Win32\Debug\ACE\Thread.obj
         F:\vpn\ace\ACE_wrappers\ace\Win32\Debug\ACE\Thread_Adapter.obj
         F:\vpn\ace\ACE_wrappers\ace\Win32\Debug\ACE\Thread_Control.obj
         F:\vpn\ace\ACE_wrappers\ace\Win32\Debug\ACE\Thread_Exit.obj
         F:\vpn\ace\ACE_wrappers\ace\Win32\Debug\ACE\Thread_Hook.obj
         F:\vpn\ace\ACE_wrappers\ace\Win32\Debug\ACE\Thread_Manager.obj
         F:\vpn\ace\ACE_wrappers\ace\Win32\Debug\ACE\Thread_Mutex.obj
         F:\vpn\ace\ACE_wrappers\ace\Win32\Debug\ACE\Thread_Semaphore.obj
         F:\vpn\ace\ACE_wrappers\ace\Win32\Debug\ACE\Throughput_Stats.obj
         F:\vpn\ace\ACE_wrappers\ace\Win32\Debug\ACE\Time_Policy.obj
         F:\vpn\ace\ACE_wrappers\ace\Win32\Debug\ACE\Time_Value.obj
         F:\vpn\ace\ACE_wrappers\ace\Win32\Debug\ACE\Timeprobe.obj
         F:\vpn\ace\ACE_wrappers\ace\Win32\Debug\ACE\TLI.obj
         F:\vpn\ace\ACE_wrappers\ace\Win32\Debug\ACE\TLI_Acceptor.obj
         F:\vpn\ace\ACE_wrappers\ace\Win32\Debug\ACE\TLI_Connector.obj
         F:\vpn\ace\ACE_wrappers\ace\Win32\Debug\ACE\TLI_Stream.obj
         F:\vpn\ace\ACE_wrappers\ace\Win32\Debug\ACE\Token.obj
         F:\vpn\ace\ACE_wrappers\ace\Win32\Debug\ACE\Token_Collection.obj
         F:\vpn\ace\ACE_wrappers\ace\Win32\Debug\ACE\Token_Invariants.obj
         F:\vpn\ace\ACE_wrappers\ace\Win32\Debug\ACE\Token_Manager.obj
         F:\vpn\ace\ACE_wrappers\ace\Win32\Debug\ACE\Token_Request_Reply.obj
         F:\vpn\ace\ACE_wrappers\ace\Win32\Debug\ACE\TP_Reactor.obj
         F:\vpn\ace\ACE_wrappers\ace\Win32\Debug\ACE\Trace.obj
         F:\vpn\ace\ACE_wrappers\ace\Win32\Debug\ACE\TSS_Adapter.obj
         F:\vpn\ace\ACE_wrappers\ace\Win32\Debug\ACE\TTY_IO.obj
         F:\vpn\ace\ACE_wrappers\ace\Win32\Debug\ACE\UNIX_Addr.obj
         F:\vpn\ace\ACE_wrappers\ace\Win32\Debug\ACE\UPIPE_Acceptor.obj
         F:\vpn\ace\ACE_wrappers\ace\Win32\Debug\ACE\UPIPE_Connector.obj
         F:\vpn\ace\ACE_wrappers\ace\Win32\Debug\ACE\UPIPE_Stream.obj
         F:\vpn\ace\ACE_wrappers\ace\Win32\Debug\ACE\UTF16_Encoding_Converter.obj
         F:\vpn\ace\ACE_wrappers\ace\Win32\Debug\ACE\UTF32_Encoding_Converter.obj
         F:\vpn\ace\ACE_wrappers\ace\Win32\Debug\ACE\UTF8_Encoding_Converter.obj
         F:\vpn\ace\ACE_wrappers\ace\Win32\Debug\ACE\UUID.obj
         F:\vpn\ace\ACE_wrappers\ace\Win32\Debug\ACE\WFMO_Reactor.obj
         F:\vpn\ace\ACE_wrappers\ace\Win32\Debug\ACE\WIN32_Asynch_IO.obj
         F:\vpn\ace\ACE_wrappers\ace\Win32\Debug\ACE\WIN32_Proactor.obj
         F:\vpn\ace\ACE_wrappers\ace\Win32\Debug\ACE\XML_Svc_Conf.obj
         F:\vpn\ace\ACE_wrappers\ace\Win32\Debug\ACE\XTI_ATM_Mcast.obj
            Creating library F:\vpn\ace\ACE_wrappers\ace\Win32\Debug\ACEd.lib and object F:\vpn\ace\ACE_wrappers\ace\Win32\Debug\ACEd.exp
         ACE_vc11.vcxproj -> F:\vpn\ace\ACE_wrappers\ace\Win32\Debug\ACEd.dll
     1>Done Building Project "F:\vpn\ace\ACE_wrappers\ace\ACE_vc11.vcxproj" (Build target(s)).

Build succeeded.

Time Elapsed 00:04:06.36
